2018-04-05 23:40:52,227 [Worker-3] INFO  o.e.m.c.i.l.LifecycleMappingFactory - Using org.eclipse.m2e.jdt.JarLifecycleMapping lifecycle mapping for MavenProject: com.example:demo:0.0.1-SNAPSHOT @ D:\Spring\demo1\pom.xml.
2018-04-05 23:40:55,983 [Worker-3] INFO  o.e.m.j.i.AbstractJavaProjectConfigurator - Adding source folder /demo1/src/main/java
2018-04-05 23:40:55,985 [Worker-3] INFO  o.e.m.j.i.AbstractJavaProjectConfigurator - Adding resource folder /demo1/src/main/resources
2018-04-05 23:40:55,993 [Worker-3] INFO  o.e.m.j.i.AbstractJavaProjectConfigurator - Adding resource folder /demo1/src/main/resources
2018-04-05 23:40:56,007 [Worker-3] INFO  o.e.m.j.i.AbstractJavaProjectConfigurator - Adding source folder /demo1/src/test/java
2018-04-05 23:40:58,703 [Worker-3] INFO  o.e.m.c.i.p.ProjectConfigurationManager - Imported and configured 1 project(s) in 8 sec
2018-04-05 23:40:58,710 [Worker-3] INFO  o.e.m.c.i.p.ProjectConfigurationManager - Update started
2018-04-05 23:40:59,415 [Worker-3] INFO  o.e.m.c.i.l.LifecycleMappingFactory - Using org.eclipse.m2e.jdt.JarLifecycleMapping lifecycle mapping for MavenProject: com.example:demo:0.0.1-SNAPSHOT @ D:\Spring\demo1\pom.xml.
2018-04-05 23:41:00,502 [Worker-3] INFO  o.e.m.j.i.AbstractJavaProjectConfigurator - Adding source folder /demo1/src/main/java
2018-04-05 23:41:00,502 [Worker-3] INFO  o.e.m.j.i.AbstractJavaProjectConfigurator - Adding resource folder /demo1/src/main/resources
2018-04-05 23:41:00,503 [Worker-3] INFO  o.e.m.j.i.AbstractJavaProjectConfigurator - Adding resource folder /demo1/src/main/resources
2018-04-05 23:41:00,510 [Worker-3] INFO  o.e.m.j.i.AbstractJavaProjectConfigurator - Adding source folder /demo1/src/test/java
2018-04-05 23:41:00,676 [Worker-3] INFO  o.e.m.c.i.p.ProjectConfigurationManager - Update completed: 1 sec
2018-04-05 23:41:01,830 [Worker-7] INFO  o.e.m.c.i.embedder.EclipseLogger - Using 'UTF-8' encoding to copy filtered resources.
2018-04-05 23:41:01,838 [Worker-7] INFO  o.e.m.c.i.embedder.EclipseLogger - Copying 1 resource
2018-04-05 23:41:01,853 [Worker-7] INFO  o.e.m.c.i.embedder.EclipseLogger - Copying 0 resource
2018-04-05 23:41:01,853 [Worker-7] INFO  o.e.m.c.i.embedder.EclipseLogger - Using 'UTF-8' encoding to copy filtered resources.
2018-04-05 23:41:01,853 [Worker-7] INFO  o.e.m.c.i.embedder.EclipseLogger - skip non existing resourceDirectory D:\Spring\demo1\src\test\resources
2018-04-05 23:46:03,808 [Worker-5] INFO  o.e.m.c.i.l.LifecycleMappingFactory - Using org.eclipse.m2e.jdt.JarLifecycleMapping lifecycle mapping for MavenProject: com.javasampleapporach.mongodbrestapi:SpringMongoDBRestFulApi:0.0.1-SNAPSHOT @ D:\Spring\SpringMongoDBRestFulApi\pom.xml.
2018-04-05 23:46:06,360 [Worker-15] INFO  o.e.m.c.i.embedder.EclipseLogger - Using 'UTF-8' encoding to copy filtered resources.
2018-04-05 23:46:06,361 [Worker-15] INFO  o.e.m.c.i.embedder.EclipseLogger - Copying 1 resource
2018-04-05 23:46:06,372 [Worker-15] INFO  o.e.m.c.i.embedder.EclipseLogger - Copying 0 resource
2018-04-05 23:46:06,383 [Worker-15] INFO  o.e.m.c.i.embedder.EclipseLogger - Using 'UTF-8' encoding to copy filtered resources.
2018-04-05 23:46:06,383 [Worker-15] INFO  o.e.m.c.i.embedder.EclipseLogger - skip non existing resourceDirectory D:\Spring\SpringMongoDBRestFulApi\src\test\resources
2018-04-05 23:46:06,426 [Worker-5] INFO  o.e.m.j.i.AbstractJavaProjectConfigurator - Adding source folder /SpringMongoDBRestFulApi/src/main/java
2018-04-05 23:46:06,426 [Worker-5] INFO  o.e.m.j.i.AbstractJavaProjectConfigurator - Adding resource folder /SpringMongoDBRestFulApi/src/main/resources
2018-04-05 23:46:06,434 [Worker-5] INFO  o.e.m.j.i.AbstractJavaProjectConfigurator - Adding resource folder /SpringMongoDBRestFulApi/src/main/resources
2018-04-05 23:46:06,450 [Worker-5] INFO  o.e.m.j.i.AbstractJavaProjectConfigurator - Adding source folder /SpringMongoDBRestFulApi/src/test/java
2018-04-05 23:46:06,822 [Worker-5] INFO  o.e.m.c.i.p.ProjectConfigurationManager - Imported and configured 1 project(s) in 5 sec
2018-04-05 23:46:06,827 [Worker-5] INFO  o.e.m.c.i.p.ProjectConfigurationManager - Update started
2018-04-05 23:46:07,377 [Worker-5] INFO  o.e.m.c.i.l.LifecycleMappingFactory - Using org.eclipse.m2e.jdt.JarLifecycleMapping lifecycle mapping for MavenProject: com.javasampleapporach.mongodbrestapi:SpringMongoDBRestFulApi:0.0.1-SNAPSHOT @ D:\Spring\SpringMongoDBRestFulApi\pom.xml.
2018-04-05 23:46:08,356 [Worker-5] INFO  o.e.m.j.i.AbstractJavaProjectConfigurator - Adding source folder /SpringMongoDBRestFulApi/src/main/java
2018-04-05 23:46:08,356 [Worker-5] INFO  o.e.m.j.i.AbstractJavaProjectConfigurator - Adding resource folder /SpringMongoDBRestFulApi/src/main/resources
2018-04-05 23:46:08,357 [Worker-5] INFO  o.e.m.j.i.AbstractJavaProjectConfigurator - Adding resource folder /SpringMongoDBRestFulApi/src/main/resources
2018-04-05 23:46:08,363 [Worker-5] INFO  o.e.m.j.i.AbstractJavaProjectConfigurator - Adding source folder /SpringMongoDBRestFulApi/src/test/java
2018-04-05 23:46:08,550 [Worker-5] INFO  o.e.m.c.i.p.ProjectConfigurationManager - Update completed: 1 sec
2018-04-05 23:46:10,025 [Worker-5] INFO  o.e.m.c.i.embedder.EclipseLogger - Using 'UTF-8' encoding to copy filtered resources.
2018-04-05 23:46:10,036 [Worker-5] INFO  o.e.m.c.i.embedder.EclipseLogger - Copying 1 resource
2018-04-05 23:46:10,037 [Worker-5] INFO  o.e.m.c.i.embedder.EclipseLogger - Copying 0 resource
2018-04-05 23:46:10,055 [Worker-5] INFO  o.e.m.c.i.embedder.EclipseLogger - Using 'UTF-8' encoding to copy filtered resources.
2018-04-05 23:46:10,055 [Worker-5] INFO  o.e.m.c.i.embedder.EclipseLogger - skip non existing resourceDirectory D:\Spring\SpringMongoDBRestFulApi\src\test\resources
2018-04-06 00:01:32,164 [Worker-25] INFO  o.e.m.c.i.embedder.EclipseLogger - Using 'UTF-8' encoding to copy filtered resources.
2018-04-06 00:01:32,164 [Worker-25] INFO  o.e.m.c.i.embedder.EclipseLogger - Copying 0 resource
2018-04-06 00:01:32,164 [Worker-25] INFO  o.e.m.c.i.embedder.EclipseLogger - Copying 0 resource
2018-04-06 00:01:32,180 [Worker-25] INFO  o.e.m.c.i.embedder.EclipseLogger - Using 'UTF-8' encoding to copy filtered resources.
2018-04-06 00:01:32,180 [Worker-25] INFO  o.e.m.c.i.embedder.EclipseLogger - skip non existing resourceDirectory D:\Spring\SpringMongoDBRestFulApi\src\test\resources
2018-04-06 00:01:43,140 [Worker-27] INFO  o.e.m.c.i.p.ProjectConfigurationManager - Update started
2018-04-06 00:01:45,876 [Worker-27] INFO  o.e.m.c.i.l.LifecycleMappingFactory - Using org.eclipse.m2e.jdt.JarLifecycleMapping lifecycle mapping for MavenProject: com.javasampleapporach.mongodbrestapi:SpringMongoDBRestFulApi:0.0.1-SNAPSHOT @ D:\Spring\SpringMongoDBRestFulApi\pom.xml.
2018-04-06 00:01:47,543 [Worker-27] INFO  o.e.m.j.i.AbstractJavaProjectConfigurator - Adding source folder /SpringMongoDBRestFulApi/src/main/java
2018-04-06 00:01:47,543 [Worker-27] INFO  o.e.m.j.i.AbstractJavaProjectConfigurator - Adding resource folder /SpringMongoDBRestFulApi/src/main/resources
2018-04-06 00:01:47,543 [Worker-27] INFO  o.e.m.j.i.AbstractJavaProjectConfigurator - Adding resource folder /SpringMongoDBRestFulApi/src/main/resources
2018-04-06 00:01:47,543 [Worker-27] INFO  o.e.m.j.i.AbstractJavaProjectConfigurator - Adding source folder /SpringMongoDBRestFulApi/src/test/java
2018-04-06 00:01:47,663 [Worker-27] INFO  o.e.m.c.i.p.ProjectConfigurationManager - Update completed: 4 sec
2018-04-06 00:01:48,075 [Worker-26] INFO  o.e.m.c.i.embedder.EclipseLogger - Using 'UTF-8' encoding to copy filtered resources.
2018-04-06 00:01:48,076 [Worker-26] INFO  o.e.m.c.i.embedder.EclipseLogger - Copying 1 resource
2018-04-06 00:01:48,081 [Worker-26] INFO  o.e.m.c.i.embedder.EclipseLogger - Copying 0 resource
2018-04-06 00:01:48,090 [Worker-26] INFO  o.e.m.c.i.embedder.EclipseLogger - Using 'UTF-8' encoding to copy filtered resources.
2018-04-06 00:01:48,091 [Worker-26] INFO  o.e.m.c.i.embedder.EclipseLogger - skip non existing resourceDirectory D:\Spring\SpringMongoDBRestFulApi\src\test\resources
